<?xml version="1.0" encoding="UTF-8"?>
<testsuite xmlns:xsi="http://www.w3.org/2001/XMLSchema-instance" xsi:noNamespaceSchemaLocation="https://maven.apache.org/surefire/maven-surefire-plugin/xsd/surefire-test-report.xsd" name="CellTest" time="0.001" tests="8" errors="0" skipped="0" failures="0">
  <properties>
[...]
</properties>
  <testcase name="testUnableToRevealClearedCell" classname="CellTest" time="0"/>
  <testcase name="testRemoveFlagCell" classname="CellTest" time="0"/>
  <testcase name="testRevealNoMine" classname="CellTest" time="0.001"/>
  <testcase name="testConstructorNoMine" classname="CellTest" time="0"/>
  <testcase name="testAddFlagCell" classname="CellTest" time="0"/>
  <testcase name="testUnableToRevealFlaggedCell" classname="CellTest" time="0"/>
  <testcase name="testRevealHasMine" classname="CellTest" time="0"/>
  <testcase name="testConstructorHasMine" classname="CellTest" time="0"/>
</testsuite>